<?xml version="1.0" encoding="UTF-8"?>
<testsuite xmlns:xsi="http://www.w3.org/2001/XMLSchema-instance" xsi:noNamespaceSchemaLocation="https://maven.apache.org/surefire/maven-surefire-plugin/xsd/surefire-test-report.xsd" name="projectFour.SlideGameTest" time="0.032" tests="8" errors="0" skipped="0" failures="0">
  <properties>
    <property name="sun.desktop" value="windows"/>
    <property name="awt.toolkit" value="sun.awt.windows.WToolkit"/>
    <property name="file.encoding.pkg" value="sun.io"/>
    <property name="java.specification.version" value="1.8"/>
    <property name="sun.cpu.isalist" value="amd64"/>
    <property name="sun.jnu.encoding" value="Cp1252"/>
    <property name="java.class.path" value="C:\Users\Trevor\OneDrive\Documents\CWRU\Code\CSDS132\projects\project-four\target\test-classes;C:\Users\Trevor\OneDrive\Documents\CWRU\Code\CSDS132\projects\project-four\target\classes;C:\Users\Trevor\.m2\repository\junit\junit\4.11\junit-4.11.jar;C:\Users\Trevor\.m2\repository\org\hamcrest\hamcrest-core\1.3\hamcrest-core-1.3.jar;"/>
    <property name="java.vm.vendor" value="Amazon.com Inc."/>
    <property name="sun.arch.data.model" value="64"/>
    <property name="user.variant" value=""/>
    <property name="java.vendor.url" value="https://aws.amazon.com/corretto/"/>
    <property name="user.timezone" value="America/New_York"/>
    <property name="java.vm.specification.version" value="1.8"/>
    <property name="os.name" value="Windows 11"/>
    <property name="user.country" value="US"/>
    <property name="sun.java.launcher" value="SUN_STANDARD"/>
    <property name="sun.boot.library.path" value="C:\Program Files\Amazon Corretto\jdk1.8.0_392\jre\bin"/>
    <property name="sun.java.command" value="C:\Users\Trevor\AppData\Local\Temp\surefire8307578618162732997\surefirebooter3209693520590432847.jar C:\Users\Trevor\AppData\Local\Temp\surefire8307578618162732997 2024-04-14T23-36-09_416-jvmRun1 surefire988745373085339753tmp surefire_05332591065825273652tmp"/>
    <property name="test" value="SlideGameTest"/>
    <property name="surefire.test.class.path" value="C:\Users\Trevor\OneDrive\Documents\CWRU\Code\CSDS132\projects\project-four\target\test-classes;C:\Users\Trevor\OneDrive\Documents\CWRU\Code\CSDS132\projects\project-four\target\classes;C:\Users\Trevor\.m2\repository\junit\junit\4.11\junit-4.11.jar;C:\Users\Trevor\.m2\repository\org\hamcrest\hamcrest-core\1.3\hamcrest-core-1.3.jar;"/>
    <property name="sun.cpu.endian" value="little"/>
    <property name="user.home" value="C:\Users\Trevor"/>
    <property name="user.language" value="en"/>
    <property name="java.specification.vendor" value="Oracle Corporation"/>
    <property name="java.home" value="C:\Program Files\Amazon Corretto\jdk1.8.0_392\jre"/>
    <property name="basedir" value="C:\Users\Trevor\OneDrive\Documents\CWRU\Code\CSDS132\projects\project-four"/>
    <property name="file.separator" value="\"/>
    <property name="line.separator" value="&#10;"/>
    <property name="java.vm.specification.vendor" value="Oracle Corporation"/>
    <property name="java.specification.name" value="Java Platform API Specification"/>
    <property name="java.awt.graphicsenv" value="sun.awt.Win32GraphicsEnvironment"/>
    <property name="surefire.real.class.path" value="C:\Users\Trevor\AppData\Local\Temp\surefire8307578618162732997\surefirebooter3209693520590432847.jar"/>
    <property name="sun.boot.class.path" value="C:\Program Files\Amazon Corretto\jdk1.8.0_392\jre\lib\resources.jar;C:\Program Files\Amazon Corretto\jdk1.8.0_392\jre\lib\rt.jar;C:\Program Files\Amazon Corretto\jdk1.8.0_392\jre\lib\sunrsasign.jar;C:\Program Files\Amazon Corretto\jdk1.8.0_392\jre\lib\jsse.jar;C:\Program Files\Amazon Corretto\jdk1.8.0_392\jre\lib\jce.jar;C:\Program Files\Amazon Corretto\jdk1.8.0_392\jre\lib\charsets.jar;C:\Program Files\Amazon Corretto\jdk1.8.0_392\jre\lib\jfr.jar;C:\Program Files\Amazon Corretto\jdk1.8.0_392\jre\classes"/>
    <property name="user.script" value=""/>
    <property name="sun.management.compiler" value="HotSpot 64-Bit Tiered Compilers"/>
    <property name="java.runtime.version" value="1.8.0_392-b08"/>
    <property name="user.name" value="Trevor"/>
    <property name="path.separator" value=";"/>
    <property name="os.version" value="10.0"/>
    <property name="java.endorsed.dirs" value="C:\Program Files\Amazon Corretto\jdk1.8.0_392\jre\lib\endorsed"/>
    <property name="java.runtime.name" value="OpenJDK Runtime Environment"/>
    <property name="file.encoding" value="Cp1252"/>
    <property name="java.vm.name" value="OpenJDK 64-Bit Server VM"/>
    <property name="localRepository" value="C:\Users\Trevor\.m2\repository"/>
    <property name="java.vendor.url.bug" value="https://github.com/corretto/corretto-8/issues/"/>
    <property name="java.io.tmpdir" value="C:\Users\Trevor\AppData\Local\Temp\"/>
    <property name="java.version" value="1.8.0_392"/>
    <property name="user.dir" value="C:\Users\Trevor\OneDrive\Documents\CWRU\Code\CSDS132\projects\project-four"/>
    <property name="os.arch" value="amd64"/>
    <property name="java.vm.specification.name" value="Java Virtual Machine Specification"/>
    <property name="java.awt.printerjob" value="sun.awt.windows.WPrinterJob"/>
    <property name="failIfNoTests" value="false"/>
    <property name="sun.os.patch.level" value=""/>
    <property name="java.library.path" value="C:\Program Files\Amazon Corretto\jdk1.8.0_392\jre\bin;C:\WINDOWS\Sun\Java\bin;C:\WINDOWS\system32;C:\WINDOWS;C:\Program Files\Amazon Corretto\jdk1.8.0_392\bin;C:\Program Files\PerkinElmerInformatics\ChemOffice2022\ChemScript\Lib;C:\Python312\Scripts\;C:\Python312\;C:\Program Files\Amazon Corretto\jdk1.8.0_392\bin;C:\Program Files\Common Files\Oracle\Java\javapath;C:\Windows\system32;C:\Windows;C:\Windows\System32\Wbem;C:\Windows\System32\WindowsPowerShell\v1.0\;C:\Windows\System32\OpenSSH\;C:\Program Files (x86)\NVIDIA Corporation\PhysX\Common;C:\Program Files\NVIDIA Corporation\NVIDIA NvDLISR;C:\WINDOWS\system32;C:\WINDOWS;C:\WINDOWS\System32\Wbem;C:\WINDOWS\System32\WindowsPowerShell\v1.0\;C:\WINDOWS\System32\OpenSSH\;C:\Program Files\MATLAB\R2023b\runtime\win64;C:\Program Files\MATLAB\R2023b\bin;C:\Program Files\Wolfram Research\WolframScript\;C:\Program Files (x86)\Graphviz\bin;C:\Program Files\apache-maven-3.9.6\bin;C:\Program Files\Git\cmd;C:\msys64\ucrt64\bin;C:\Program Files\Neovim\bin;C:\ProgramData\chocolatey\bin;C:\Program Files\Git\mingw64\bin;C:\Program Files\nodejs\;C:\Program Files (x86)\Yarn\bin\;C:\Users\Trevor\bin;PathC:\Program Files\Amazon Corretto\jdk1.8.0_392\bin;C:\Program Files\Common Files\Oracle\Java\javapath;C:\Windows\system32;C:\Windows;C:\Windows\System32\Wbem;C:\Windows\System32\WindowsPowerShell\v1.0\;C:\Windows\System32\OpenSSH\;C:\Program Files (x86)\NVIDIA Corporation\PhysX\Common;C:\Program Files\NVIDIA Corporation\NVIDIA NvDLISR;C:\WINDOWS\system32;C:\WINDOWS;C:\WINDOWS\System32\Wbem;C:\WINDOWS\System32\WindowsPowerShell\v1.0\;C:\WINDOWS\System32\OpenSSH\;C:\Program Files\MATLAB\R2023b\runtime\win64;C:\Program Files\MATLAB\R2023b\bin;C:\Program Files\Wolfram Research\WolframScript\;C:\Program Files\Git\cmd;C:\Program Files (x86)\Graphviz\bin;C:\Program Files\apache-maven-3.9.6\bin&lt;SYSTEM&gt;;C:\tools\neovim\nvim-win64\bin;C:\Users\Trevor\AppData\Roaming\npm;C:\Users\Trevor\AppData\Local\Yarn\bin;C:\Users\Trevor\AppData\Local\Programs\Microsoft VS Code\bin;C:\Users\Trevor\AppData\Local\Programs\MiKTeX\miktex\bin\x64\;."/>
    <property name="java.vm.info" value="mixed mode"/>
    <property name="java.vendor" value="Amazon.com Inc."/>
    <property name="java.vm.version" value="25.392-b08"/>
    <property name="java.specification.maintenance.version" value="5"/>
    <property name="java.ext.dirs" value="C:\Program Files\Amazon Corretto\jdk1.8.0_392\jre\lib\ext;C:\WINDOWS\Sun\Java\lib\ext"/>
    <property name="sun.io.unicode.encoding" value="UnicodeLittle"/>
    <property name="java.class.version" value="52.0"/>
  </properties>
  <testcase name="flipDiagonalTest" classname="projectFour.SlideGameTest" time="0.002"/>
  <testcase name="setPositionTest" classname="projectFour.SlideGameTest" time="0"/>
  <testcase name="flipHorizontalTest" classname="projectFour.SlideGameTest" time="0"/>
  <testcase name="gameBoardTest" classname="projectFour.SlideGameTest" time="0"/>
  <testcase name="flipVerticalTest" classname="projectFour.SlideGameTest" time="0"/>
  <testcase name="randomIndexTest" classname="projectFour.SlideGameTest" time="0.002"/>
  <testcase name="boardDimTest" classname="projectFour.SlideGameTest" time="0"/>
  <testcase name="parseArgsTest" classname="projectFour.SlideGameTest" time="0"/>
</testsuite>